#
# There is insufficient memory for the Java Runtime Environment to continue.
# Native memory allocation (mmap) failed to map 65536 bytes. Error detail: Failed to commit metaspace.
# Possible reasons:
#   The system is out of physical RAM or swap space
#   This process is running with CompressedOops enabled, and the Java Heap may be blocking the growth of the native heap
# Possible solutions:
#   Reduce memory load on the system
#   Increase physical memory or swap space
#   Check if swap backing store is full
#   Decrease Java heap size (-Xmx/-Xms)
#   Decrease number of Java threads
#   Decrease Java thread stack sizes (-Xss)
#   Set larger code cache with -XX:ReservedCodeCacheSize=
#   JVM is running with Zero Based Compressed Oops mode in which the Java heap is
#     placed in the first 32GB address space. The Java Heap base address is the
#     maximum limit for the native heap growth. Please use -XX:HeapBaseMinAddress
#     to set the Java Heap base and to place the Java Heap above 32GB virtual address.
# This output file may be truncated or incomplete.
#
#  Out of Memory Error (virtualSpaceNode.cpp:113), pid=14472, tid=5004
#
# JRE version: OpenJDK Runtime Environment (21.0.6) (build 21.0.6+-13391695-b895.109)
# Java VM: OpenJDK 64-Bit Server VM (21.0.6+-13391695-b895.109, mixed mode, tiered, compressed oops, compressed class ptrs, g1 gc, windows-amd64)
# No core dump will be written. Minidumps are not enabled by default on client versions of Windows
#

---------------  S U M M A R Y ------------

Command Line: org.jetbrains.kotlin.cli.jvm.K2JVMCompiler @D:\FaceItOff\app\build\20251220_8117125969113450702.compiler.options

Host: Intel(R) Core(TM) i5-8365U CPU @ 1.60GHz, 4 cores, 15G,  Windows 11 , 64 bit Build 22621 (10.0.22621.3958)
Time: Sat Dec 20 13:49:27 2025 Pakistan Standard Time elapsed time: 0.189988 seconds (0d 0h 0m 0s)

---------------  T H R E A D  ---------------

Current thread (0x0000023e52e0b020):  JavaThread "main"             [_thread_in_vm, id=5004, stack(0x000000fa2b800000,0x000000fa2b900000) (1024K)]

Stack: [0x000000fa2b800000,0x000000fa2b900000]
Native frames: (J=compiled Java code, j=interpreted, Vv=VM code, C=native code)
V  [jvm.dll+0x6d0639]
V  [jvm.dll+0x85eb03]
V  [jvm.dll+0x86105e]
V  [jvm.dll+0x861743]
V  [jvm.dll+0x27e6e6]
V  [jvm.dll+0x8599de]
V  [jvm.dll+0x674055]
V  [jvm.dll+0x6740ba]
V  [jvm.dll+0x676916]
V  [jvm.dll+0x6767e2]
V  [jvm.dll+0x674a4e]
V  [jvm.dll+0x26adf0]
V  [jvm.dll+0x21595b]
V  [jvm.dll+0x20ae49]
V  [jvm.dll+0x5b1ff3]
V  [jvm.dll+0x21c88b]
V  [jvm.dll+0x7d60cc]
V  [jvm.dll+0x7d7172]
V  [jvm.dll+0x7d7734]
V  [jvm.dll+0x7d73c8]
V  [jvm.dll+0x26d44b]
V  [jvm.dll+0x26d665]
V  [jvm.dll+0x5d4f87]
V  [jvm.dll+0x5d807e]
V  [jvm.dll+0x3d8db0]
V  [jvm.dll+0x3d842d]
C  0x0000023e5f7997b5

The last pc belongs to invokestatic (printed below).
Java frames: (J=compiled Java code, j=interpreted, Vv=VM code)
j  sun.nio.cs.StreamEncoder.implWrite([CII)V+3 java.base@21.0.6
j  sun.nio.cs.StreamEncoder.lockedWrite([CII)V+49 java.base@21.0.6
j  sun.nio.cs.StreamEncoder.write([CII)V+30 java.base@21.0.6
j  java.io.OutputStreamWriter.write([CII)V+7 java.base@21.0.6
j  java.io.BufferedWriter.implFlushBuffer()V+25 java.base@21.0.6
j  java.io.BufferedWriter.flushBuffer()V+22 java.base@21.0.6
j  java.io.PrintStream.implWrite(Ljava/lang/String;)V+16 java.base@21.0.6
j  java.io.PrintStream.write(Ljava/lang/String;)V+16 java.base@21.0.6
j  java.io.PrintStream.print(Ljava/lang/String;)V+5 java.base@21.0.6
j  java.lang.ThreadGroup.uncaughtException(Ljava/lang/Thread;Ljava/lang/Throwable;)V+68 java.base@21.0.6
j  java.lang.ThreadGroup.uncaughtException(Ljava/lang/Thread;Ljava/lang/Throwable;)V+13 java.base@21.0.6
j  java.lang.Thread.dispatchUncaughtException(Ljava/lang/Throwable;)V+6 java.base@21.0.6
v  ~StubRoutines::call_stub 0x0000023e5f78100d
invokestatic  184 invokestatic  [0x0000023e5f799700, 0x0000023e5f7999c8]  712 bytes
[MachCode]
  0x0000023e5f799700: 4883 ec08 | c5fa 1104 | 24eb 1f48 | 83ec 10c5 | fb11 0424 | eb14 4883 | ec10 4889 | 0424 48c7 
  0x0000023e5f799720: 4424 0800 | 0000 00eb | 0150 4c89 | 6dc0 410f | b755 0148 | 8b4d d0c1 | e202 8b5c | d138 c1eb 
  0x0000023e5f799740: 1081 e3ff | 0000 0081 | fbb8 0000 | 000f 84b4 | 0000 00bb | b800 0000 | e805 0000 | 00e9 9900 
  0x0000023e5f799760: 0000 488b | d348 8d44 | 2408 4c89 | 6dc0 498b | cfc5 f877 | 4989 afa8 | 0300 0049 | 8987 9803 
  0x0000023e5f799780: 0000 4883 | ec20 40f6 | c40f 0f84 | 1900 0000 | 4883 ec08 | 48b8 c083 | b153 ff7f | 0000 ffd0 
  0x0000023e5f7997a0: 4883 c408 | e90c 0000 | 0048 b8c0 | 83b1 53ff | 7f00 00ff | d048 83c4 | 2049 c787 | 9803 0000 
  0x0000023e5f7997c0: 0000 0000 | 49c7 87a8 | 0300 0000 | 0000 0049 | c787 a003 | 0000 0000 | 0000 c5f8 | 7749 837f 
  0x0000023e5f7997e0: 0800 0f84 | 0500 0000 | e913 77fe | ff4c 8b6d | c04c 8b75 | c84e 8d74 | f500 c341 | 0fb7 5501 
  0x0000023e5f799800: 488b 4dd0 | c1e2 0248 | 8b5c d140 | 488b 5b08 | 488b 5b08 | 488b 5b18 | 80bb 4101 | 0000 040f 
  0x0000023e5f799820: 840d 0000 | 004c 3bbb | 4801 0000 | 0f85 21ff | ffff 488b | 5cd1 408b | 54d1 50c1 | ea1c 49ba 
  0x0000023e5f799840: 80e0 2f54 | ff7f 0000 | 498b 14d2 | 5248 8b45 | d848 85c0 | 0f84 1200 | 0000 4883 | 4008 0148 
  0x0000023e5f799860: 8358 0800 | 4883 c010 | 4889 45d8 | 488b 45d8 | 4885 c00f | 843d 0100 | 0080 78f0 | 0a0f 8533 
  0x0000023e5f799880: 0100 0048 | 83c0 084c | 8b68 f841 | 83ed 0041 | 83fd 020f | 8c12 0100 | 004c 8b6b | 0845 0fb7 
  0x0000023e5f7998a0: 6d2e 4c2b | 2841 83ed | 014e 8b6c | ec08 4d85 | ed75 0ef6 | 4008 0175 | 58f0 4883 | 4808 01eb 
  0x0000023e5f7998c0: 5045 8b6d | 0849 ba00 | 0000 0008 | 0000 004d | 03ea 4d8b | d54c 3368 | 0849 f7c5 | fcff ffff 
  0x0000023e5f7998e0: 742f 41f6 | c502 7529 | 4883 7808 | 0074 1e48 | 8378 0801 | 7417 4d8b | ea4c 3368 | 0849 f7c5 
  0x0000023e5f799900: fcff ffff | 740b 4883 | 4808 02eb | 044c 8968 | 0848 83c0 | 104c 8b68 | e841 83ed | 0241 83fd 
  0x0000023e5f799920: 020f 8c84 | 0000 004c | 8b6b 0845 | 0fb7 6d2e | 4c2b 2841 | 83ed 014e | 8b6c ec08 | 4d85 ed75 
  0x0000023e5f799940: 0ef6 4008 | 0175 58f0 | 4883 4808 | 01eb 5045 | 8b6d 0849 | ba00 0000 | 0008 0000 | 004d 03ea 
  0x0000023e5f799960: 4d8b d54c | 3368 0849 | f7c5 fcff | ffff 742f | 41f6 c502 | 7529 4883 | 7808 0074 | 1e48 8378 
  0x0000023e5f799980: 0801 7417 | 4d8b ea4c | 3368 0849 | f7c5 fcff | ffff 740b | 4883 4808 | 02eb 044c | 8968 0848 
  0x0000023e5f7999a0: 83c0 104c | 8b68 d841 | 83ed 0441 | c1e5 0349 | 03c5 4889 | 45d8 4c8d | 6c24 084c | 896d f0ff 
  0x0000023e5f7999c0: 6368 660f | 1f44 0000 
[/MachCode]

---------------  P R O C E S S  ---------------

Threads class SMR info:
_java_thread_list=0x0000023e6e79c080, length=12, elements={
0x0000023e52e0b020, 0x0000023e6e5eb630, 0x0000023e6e5ee350, 0x0000023e6e5f08d0,
0x0000023e6e5f9110, 0x0000023e6e5f9770, 0x0000023e6e5d0030, 0x0000023e6e5d0db0,
0x0000023e6e601de0, 0x0000023e6e7900f0, 0x0000023e6e792d30, 0x0000023e6e798710
}

Java Threads: ( => current thread )
=>0x0000023e52e0b020 JavaThread "main"                              [_thread_in_vm, id=5004, stack(0x000000fa2b800000,0x000000fa2b900000) (1024K)]
  0x0000023e6e5eb630 JavaThread "Reference Handler"          daemon [_thread_blocked, id=10608, stack(0x000000fa2c000000,0x000000fa2c100000) (1024K)]
  0x0000023e6e5ee350 JavaThread "Finalizer"                  daemon [_thread_blocked, id=11304, stack(0x000000fa2c100000,0x000000fa2c200000) (1024K)]
  0x0000023e6e5f08d0 JavaThread "Signal Dispatcher"          daemon [_thread_blocked, id=14676, stack(0x000000fa2c200000,0x000000fa2c300000) (1024K)]
  0x0000023e6e5f9110 JavaThread "Attach Listener"            daemon [_thread_blocked, id=6912, stack(0x000000fa2c300000,0x000000fa2c400000) (1024K)]
  0x0000023e6e5f9770 JavaThread "Service Thread"             daemon [_thread_blocked, id=6408, stack(0x000000fa2c400000,0x000000fa2c500000) (1024K)]
  0x0000023e6e5d0030 JavaThread "Monitor Deflation Thread"   daemon [_thread_blocked, id=5312, stack(0x000000fa2c500000,0x000000fa2c600000) (1024K)]
  0x0000023e6e5d0db0 JavaThread "C2 CompilerThread0"         daemon [_thread_blocked, id=6268, stack(0x000000fa2c600000,0x000000fa2c700000) (1024K)]
  0x0000023e6e601de0 JavaThread "C1 CompilerThread0"         daemon [_thread_blocked, id=16272, stack(0x000000fa2c700000,0x000000fa2c800000) (1024K)]
  0x0000023e6e7900f0 JavaThread "Notification Thread"        daemon [_thread_blocked, id=2960, stack(0x000000fa2c800000,0x000000fa2c900000) (1024K)]
  0x0000023e6e792d30 JavaThread "Common-Cleaner"             daemon [_thread_blocked, id=2384, stack(0x000000fa2c900000,0x000000fa2ca00000) (1024K)]
  0x0000023e6e798710 JavaThread "C2 CompilerThread1"         daemon [_thread_blocked, id=4868, stack(0x000000fa2ca00000,0x000000fa2cb00000) (1024K)]
Total: 12

Other Threads:
  0x0000023e6e45e8a0 VMThread "VM Thread"                           [id=14280, stack(0x000000fa2bf00000,0x000000fa2c000000) (1024K)]
  0x0000023e6e3cce80 WatcherThread "VM Periodic Task Thread"        [id=11976, stack(0x000000fa2be00000,0x000000fa2bf00000) (1024K)]
  0x0000023e5515ad20 WorkerThread "GC Thread#0"                     [id=14296, stack(0x000000fa2b900000,0x000000fa2ba00000) (1024K)]
  0x0000023e5516b280 ConcurrentGCThread "G1 Main Marker"            [id=4680, stack(0x000000fa2ba00000,0x000000fa2bb00000) (1024K)]
  0x0000023e5516c700 WorkerThread "G1 Conc#0"                       [id=12284, stack(0x000000fa2bb00000,0x000000fa2bc00000) (1024K)]
  0x0000023e551be920 ConcurrentGCThread "G1 Refine#0"               [id=12364, stack(0x000000fa2bc00000,0x000000fa2bd00000) (1024K)]
  0x0000023e6e29f930 ConcurrentGCThread "G1 Service"                [id=14532, stack(0x000000fa2bd00000,0x000000fa2be00000) (1024K)]
Total: 7

Threads with active compile tasks:
Total: 0

VM state: not at safepoint (normal execution)

VM Mutex/Monitor currently owned by a thread:  ([mutex/lock_event])
[0x00007fff542ec1a0] Metaspace_lock - owner thread: 0x0000023e52e0b020

OutOfMemory and StackOverflow Exception counts:
OutOfMemoryError java_heap_errors=1

Heap address: 0x000000070a800000, size: 3928 MB, Compressed Oops mode: Zero based, Oop shift amount: 3

CDS archive(s) not mapped
Compressed class space mapped at: 0x0000000800000000-0x0000000840000000, reserved size: 1073741824
Narrow klass base: 0x0000000800000000, Narrow klass shift: 0, Narrow klass range: 0x40000000

GC Precious Log:
 CardTable entry size: 512
 Card Set container configuration: InlinePtr #cards 4 size 8 Array Of Cards #cards 16 size 48 Howl #buckets 8 coarsen threshold 3686 Howl Bitmap #cards 512 size 80 coarsen threshold 460 Card regions per heap region 1 cards per card region 4096
 CPUs: 4 total, 4 available
 Memory: 15710M
 Large Page Support: Disabled
 NUMA Support: Disabled
 Compressed Oops: Enabled (Zero based)
 Heap Region Size: 2M
 Heap Min Capacity: 8M
 Heap Initial Capacity: 246M
 Heap Max Capacity: 3928M
 Pre-touch: Disabled
 Parallel Workers: 4
 Concurrent Workers: 1
 Concurrent Refinement Workers: 4
 Periodic GC: Disabled

Heap:
 garbage-first heap   total 251904K, used 4096K [0x000000070a800000, 0x0000000800000000)
  region size 2048K, 2 young (4096K), 0 survivors (0K)
 Metaspace       used 5729K, committed 5760K, reserved 1114112K
  class space    used 497K, committed 512K, reserved 1048576K

Heap Regions: E=young(eden), S=young(survivor), O=old, HS=humongous(starts), HC=humongous(continues), CS=collection set, F=free, TAMS=top-at-mark-start, PB=parsable bottom
|   0|0x000000070a800000, 0x000000070aa00000, 0x000000070aa00000|100%|HS|  |TAMS 0x000000070a800000| PB 0x000000070a800000| Complete 
|   1|0x000000070aa00000, 0x000000070ac00000, 0x000000070ac00000|100%|HC|  |TAMS 0x000000070aa00000| PB 0x000000070aa00000| Complete 
|   2|0x000000070ac00000, 0x000000070ac00000, 0x000000070ae00000|  0%| F|  |TAMS 0x000000070ac00000| PB 0x000000070ac00000| Untracked 
|   3|0x000000070ae00000, 0x000000070ae00000, 0x000000070b000000|  0%| F|  |TAMS 0x000000070ae00000| PB 0x000000070ae00000| Untracked 
|   4|0x000000070b000000, 0x000000070b000000, 0x000000070b200000|  0%| F|  |TAMS 0x000000070b000000| PB 0x000000070b000000| Untracked 
|   5|0x000000070b200000, 0x000000070b200000, 0x000000070b400000|  0%| F|  |TAMS 0x000000070b200000| PB 0x000000070b200000| Untracked 
|   6|0x000000070b400000, 0x000000070b400000, 0x000000070b600000|  0%| F|  |TAMS 0x000000070b400000| PB 0x000000070b400000| Untracked 
|   7|0x000000070b600000, 0x000000070b600000, 0x000000070b800000|  0%| F|  |TAMS 0x000000070b600000| PB 0x000000070b600000| Untracked 
|   8|0x000000070b800000, 0x000000070b800000, 0x000000070ba00000|  0%| F|  |TAMS 0x000000070b800000| PB 0x000000070b800000| Untracked 
|   9|0x000000070ba00000, 0x000000070ba00000, 0x000000070bc00000|  0%| F|  |TAMS 0x000000070ba00000| PB 0x000000070ba00000| Untracked 
|  10|0x000000070bc00000, 0x000000070bc00000, 0x000000070be00000|  0%| F|  |TAMS 0x000000070bc00000| PB 0x000000070bc00000| Untracked 
|  11|0x000000070be00000, 0x000000070be00000, 0x000000070c000000|  0%| F|  |TAMS 0x000000070be00000| PB 0x000000070be00000| Untracked 
|  12|0x000000070c000000, 0x000000070c000000, 0x000000070c200000|  0%| F|  |TAMS 0x000000070c000000| PB 0x000000070c000000| Untracked 
|  13|0x000000070c200000, 0x000000070c200000, 0x000000070c400000|  0%| F|  |TAMS 0x000000070c200000| PB 0x000000070c200000| Untracked 
|  14|0x000000070c400000, 0x000000070c400000, 0x000000070c600000|  0%| F|  |TAMS 0x000000070c400000| PB 0x000000070c400000| Untracked 
|  15|0x000000070c600000, 0x000000070c600000, 0x000000070c800000|  0%| F|  |TAMS 0x000000070c600000| PB 0x000000070c600000| Untracked 
|  16|0x000000070c800000, 0x000000070c800000, 0x000000070ca00000|  0%| F|  |TAMS 0x000000070c800000| PB 0x000000070c800000| Untracked 
|  17|0x000000070ca00000, 0x000000070ca00000, 0x000000070cc00000|  0%| F|  |TAMS 0x000000070ca00000| PB 0x000000070ca00000| Untracked 
|  18|0x000000070cc00000, 0x000000070cc00000, 0x000000070ce00000|  0%| F|  |TAMS 0x000000070cc00000| PB 0x000000070cc00000| Untracked 
|  19|0x000000070ce00000, 0x000000070ce00000, 0x000000070d000000|  0%| F|  |TAMS 0x000000070ce00000| PB 0x000000070ce00000| Untracked 
|  20|0x000000070d000000, 0x000000070d000000, 0x000000070d200000|  0%| F|  |TAMS 0x000000070d000000| PB 0x000000070d000000| Untracked 
|  21|0x000000070d200000, 0x000000070d200000, 0x000000070d400000|  0%| F|  |TAMS 0x000000070d200000| PB 0x000000070d200000| Untracked 
|  22|0x000000070d400000, 0x000000070d400000, 0x000000070d600000|  0%| F|  |TAMS 0x000000070d400000| PB 0x000000070d400000| Untracked 
|  23|0x000000070d600000, 0x000000070d600000, 0x000000070d800000|  0%| F|  |TAMS 0x000000070d600000| PB 0x000000070d600000| Untracked 
|  24|0x000000070d800000, 0x000000070d800000, 0x000000070da00000|  0%| F|  |TAMS 0x000000070d800000| PB 0x000000070d800000| Untracked 
|  25|0x000000070da00000, 0x000000070da00000, 0x000000070dc00000|  0%| F|  |TAMS 0x000000070da00000| PB 0x000000070da00000| Untracked 
|  26|0x000000070dc00000, 0x000000070dc00000, 0x000000070de00000|  0%| F|  |TAMS 0x000000070dc00000| PB 0x000000070dc00000| Untracked 
|  27|0x000000070de00000, 0x000000070de00000, 0x000000070e000000|  0%| F|  |TAMS 0x000000070de00000| PB 0x000000070de00000| Untracked 
|  28|0x000000070e000000, 0x000000070e000000, 0x000000070e200000|  0%| F|  |TAMS 0x000000070e000000| PB 0x000000070e000000| Untracked 
|  29|0x000000070e200000, 0x000000070e200000, 0x000000070e400000|  0%| F|  |TAMS 0x000000070e200000| PB 0x000000070e200000| Untracked 
|  30|0x000000070e400000, 0x000000070e400000, 0x000000070e600000|  0%| F|  |TAMS 0x000000070e400000| PB 0x000000070e400000| Untracked 
|  31|0x000000070e600000, 0x000000070e600000, 0x000000070e800000|  0%| F|  |TAMS 0x000000070e600000| PB 0x000000070e600000| Untracked 
|  32|0x000000070e800000, 0x000000070e800000, 0x000000070ea00000|  0%| F|  |TAMS 0x000000070e800000| PB 0x000000070e800000| Untracked 
|  33|0x000000070ea00000, 0x000000070ea00000, 0x000000070ec00000|  0%| F|  |TAMS 0x000000070ea00000| PB 0x000000070ea00000| Untracked 
|  34|0x000000070ec00000, 0x000000070ec00000, 0x000000070ee00000|  0%| F|  |TAMS 0x000000070ec00000| PB 0x000000070ec00000| Untracked 
|  35|0x000000070ee00000, 0x000000070ee00000, 0x000000070f000000|  0%| F|  |TAMS 0x000000070ee00000| PB 0x000000070ee00000| Untracked 
|  36|0x000000070f000000, 0x000000070f000000, 0x000000070f200000|  0%| F|  |TAMS 0x000000070f000000| PB 0x000000070f000000| Untracked 
|  37|0x000000070f200000, 0x000000070f200000, 0x000000070f400000|  0%| F|  |TAMS 0x000000070f200000| PB 0x000000070f200000| Untracked 
|  38|0x000000070f400000, 0x000000070f400000, 0x000000070f600000|  0%| F|  |TAMS 0x000000070f400000| PB 0x000000070f400000| Untracked 
|  39|0x000000070f600000, 0x000000070f600000, 0x000000070f800000|  0%| F|  |TAMS 0x000000070f600000| PB 0x000000070f600000| Untracked 
|  40|0x000000070f800000, 0x000000070f800000, 0x000000070fa00000|  0%| F|  |TAMS 0x000000070f800000| PB 0x000000070f800000| Untracked 
|  41|0x000000070fa00000, 0x000000070fa00000, 0x000000070fc00000|  0%| F|  |TAMS 0x000000070fa00000| PB 0x000000070fa00000| Untracked 
|  42|0x000000070fc00000, 0x000000070fc00000, 0x000000070fe00000|  0%| F|  |TAMS 0x000000070fc00000| PB 0x000000070fc00000| Untracked 
|  43|0x000000070fe00000, 0x000000070fe00000, 0x0000000710000000|  0%| F|  |TAMS 0x000000070fe00000| PB 0x000000070fe00000| Untracked 
|  44|0x0000000710000000, 0x0000000710000000, 0x0000000710200000|  0%| F|  |TAMS 0x0000000710000000| PB 0x0000000710000000| Untracked 
|  45|0x0000000710200000, 0x0000000710200000, 0x0000000710400000|  0%| F|  |TAMS 0x0000000710200000| PB 0x0000000710200000| Untracked 
|  46|0x0000000710400000, 0x0000000710400000, 0x0000000710600000|  0%| F|  |TAMS 0x0000000710400000| PB 0x0000000710400000| Untracked 
|  47|0x0000000710600000, 0x0000000710600000, 0x0000000710800000|  0%| F|  |TAMS 0x0000000710600000| PB 0x0000000710600000| Untracked 
|  48|0x0000000710800000, 0x0000000710800000, 0x0000000710a00000|  0%| F|  |TAMS 0x0000000710800000| PB 0x0000000710800000| Untracked 
|  49|0x0000000710a00000, 0x0000000710a00000, 0x0000000710c00000|  0%| F|  |TAMS 0x0000000710a00000| PB 0x0000000710a00000| Untracked 
|  50|0x0000000710c00000, 0x0000000710c00000, 0x0000000710e00000|  0%| F|  |TAMS 0x0000000710c00000| PB 0x0000000710c00000| Untracked 
|  51|0x0000000710e00000, 0x0000000710e00000, 0x0000000711000000|  0%| F|  |TAMS 0x0000000710e00000| PB 0x0000000710e00000| Untracked 
|  52|0x0000000711000000, 0x0000000711000000, 0x0000000711200000|  0%| F|  |TAMS 0x0000000711000000| PB 0x0000000711000000| Untracked 
|  53|0x0000000711200000, 0x0000000711200000, 0x0000000711400000|  0%| F|  |TAMS 0x0000000711200000| PB 0x0000000711200000| Untracked 
|  54|0x0000000711400000, 0x0000000711400000, 0x0000000711600000|  0%| F|  |TAMS 0x0000000711400000| PB 0x0000000711400000| Untracked 
|  55|0x0000000711600000, 0x0000000711600000, 0x0000000711800000|  0%| F|  |TAMS 0x0000000711600000| PB 0x0000000711600000| Untracked 
|  56|0x0000000711800000, 0x0000000711800000, 0x0000000711a00000|  0%| F|  |TAMS 0x0000000711800000| PB 0x0000000711800000| Untracked 
|  57|0x0000000711a00000, 0x0000000711a00000, 0x0000000711c00000|  0%| F|  |TAMS 0x0000000711a00000| PB 0x0000000711a00000| Untracked 
|  58|0x0000000711c00000, 0x0000000711c00000, 0x0000000711e00000|  0%| F|  |TAMS 0x0000000711c00000| PB 0x0000000711c00000| Untracked 
|  59|0x0000000711e00000, 0x0000000711e00000, 0x0000000712000000|  0%| F|  |TAMS 0x0000000711e00000| PB 0x0000000711e00000| Untracked 
|  60|0x0000000712000000, 0x0000000712000000, 0x0000000712200000|  0%| F|  |TAMS 0x0000000712000000| PB 0x0000000712000000| Untracked 
|  61|0x0000000712200000, 0x0000000712200000, 0x0000000712400000|  0%| F|  |TAMS 0x0000000712200000| PB 0x0000000712200000| Untracked 
|  62|0x0000000712400000, 0x0000000712400000, 0x0000000712600000|  0%| F|  |TAMS 0x0000000712400000| PB 0x0000000712400000| Untracked 
|  63|0x0000000712600000, 0x0000000712600000, 0x0000000712800000|  0%| F|  |TAMS 0x0000000712600000| PB 0x0000000712600000| Untracked 
|  64|0x0000000712800000, 0x0000000712800000, 0x0000000712a00000|  0%| F|  |TAMS 0x0000000712800000| PB 0x0000000712800000| Untracked 
|  65|0x0000000712a00000, 0x0000000712a00000, 0x0000000712c00000|  0%| F|  |TAMS 0x0000000712a00000| PB 0x0000000712a00000| Untracked 
|  66|0x0000000712c00000, 0x0000000712c00000, 0x0000000712e00000|  0%| F|  |TAMS 0x0000000712c00000| PB 0x0000000712c00000| Untracked 
|  67|0x0000000712e00000, 0x0000000712e00000, 0x0000000713000000|  0%| F|  |TAMS 0x0000000712e00000| PB 0x0000000712e00000| Untracked 
|  68|0x0000000713000000, 0x0000000713000000, 0x0000000713200000|  0%| F|  |TAMS 0x0000000713000000| PB 0x0000000713000000| Untracked 
|  69|0x0000000713200000, 0x0000000713200000, 0x0000000713400000|  0%| F|  |TAMS 0x0000000713200000| PB 0x0000000713200000| Untracked 
|  70|0x0000000713400000, 0x0000000713400000, 0x0000000713600000|  0%| F|  |TAMS 0x0000000713400000| PB 0x0000000713400000| Untracked 
|  71|0x0000000713600000, 0x0000000713600000, 0x0000000713800000|  0%| F|  |TAMS 0x0000000713600000| PB 0x0000000713600000| Untracked 
|  72|0x0000000713800000, 0x0000000713800000, 0x0000000713a00000|  0%| F|  |TAMS 0x0000000713800000| PB 0x0000000713800000| Untracked 
|  73|0x0000000713a00000, 0x0000000713a00000, 0x0000000713c00000|  0%| F|  |TAMS 0x0000000713a00000| PB 0x0000000713a00000| Untracked 
|  74|0x0000000713c00000, 0x0000000713c00000, 0x0000000713e00000|  0%| F|  |TAMS 0x0000000713c00000| PB 0x0000000713c00000| Untracked 
|  75|0x0000000713e00000, 0x0000000713e00000, 0x0000000714000000|  0%| F|  |TAMS 0x0000000713e00000| PB 0x0000000713e00000| Untracked 
|  76|0x0000000714000000, 0x0000000714000000, 0x0000000714200000|  0%| F|  |TAMS 0x0000000714000000| PB 0x0000000714000000| Untracked 
|  77|0x0000000714200000, 0x0000000714200000, 0x0000000714400000|  0%| F|  |TAMS 0x0000000714200000| PB 0x0000000714200000| Untracked 
|  78|0x0000000714400000, 0x0000000714400000, 0x0000000714600000|  0%| F|  |TAMS 0x0000000714400000| PB 0x0000000714400000| Untracked 
|  79|0x0000000714600000, 0x0000000714600000, 0x0000000714800000|  0%| F|  |TAMS 0x0000000714600000| PB 0x0000000714600000| Untracked 
|  80|0x0000000714800000, 0x0000000714800000, 0x0000000714a00000|  0%| F|  |TAMS 0x0000000714800000| PB 0x0000000714800000| Untracked 
|  81|0x0000000714a00000, 0x0000000714a00000, 0x0000000714c00000|  0%| F|  |TAMS 0x0000000714a00000| PB 0x0000000714a00000| Untracked 
|  82|0x0000000714c00000, 0x0000000714c00000, 0x0000000714e00000|  0%| F|  |TAMS 0x0000000714c00000| PB 0x0000000714c00000| Untracked 
|  83|0x0000000714e00000, 0x0000000714e00000, 0x0000000715000000|  0%| F|  |TAMS 0x0000000714e00000| PB 0x0000000714e00000| Untracked 
|  84|0x0000000715000000, 0x0000000715000000, 0x0000000715200000|  0%| F|  |TAMS 0x0000000715000000| PB 0x0000000715000000| Untracked 
|  85|0x0000000715200000, 0x0000000715200000, 0x0000000715400000|  0%| F|  |TAMS 0x0000000715200000| PB 0x0000000715200000| Untracked 
|  86|0x0000000715400000, 0x0000000715400000, 0x0000000715600000|  0%| F|  |TAMS 0x0000000715400000| PB 0x0000000715400000| Untracked 
|  87|0x0000000715600000, 0x0000000715600000, 0x0000000715800000|  0%| F|  |TAMS 0x0000000715600000| PB 0x0000000715600000| Untracked 
|  88|0x0000000715800000, 0x0000000715800000, 0x0000000715a00000|  0%| F|  |TAMS 0x0000000715800000| PB 0x0000000715800000| Untracked 
|  89|0x0000000715a00000, 0x0000000715a00000, 0x0000000715c00000|  0%| F|  |TAMS 0x0000000715a00000| PB 0x0000000715a00000| Untracked 
|  90|0x0000000715c00000, 0x0000000715c00000, 0x0000000715e00000|  0%| F|  |TAMS 0x0000000715c00000| PB 0x0000000715c00000| Untracked 
|  91|0x0000000715e00000, 0x0000000715e00000, 0x0000000716000000|  0%| F|  |TAMS 0x0000000715e00000| PB 0x0000000715e00000| Untracked 
|  92|0x0000000716000000, 0x0000000716000000, 0x0000000716200000|  0%| F|  |TAMS 0x0000000716000000| PB 0x0000000716000000| Untracked 
|  93|0x0000000716200000, 0x0000000716200000, 0x0000000716400000|  0%| F|  |TAMS 0x0000000716200000| PB 0x0000000716200000| Untracked 
|  94|0x0000000716400000, 0x0000000716400000, 0x0000000716600000|  0%| F|  |TAMS 0x0000000716400000| PB 0x0000000716400000| Untracked 
|  95|0x0000000716600000, 0x0000000716600000, 0x0000000716800000|  0%| F|  |TAMS 0x0000000716600000| PB 0x0000000716600000| Untracked 
|  96|0x0000000716800000, 0x0000000716800000, 0x0000000716a00000|  0%| F|  |TAMS 0x0000000716800000| PB 0x0000000716800000| Untracked 
|  97|0x0000000716a00000, 0x0000000716a00000, 0x0000000716c00000|  0%| F|  |TAMS 0x0000000716a00000| PB 0x0000000716a00000| Untracked 
|  98|0x0000000716c00000, 0x0000000716c00000, 0x0000000716e00000|  0%| F|  |TAMS 0x0000000716c00000| PB 0x0000000716c00000| Untracked 
|  99|0x0000000716e00000, 0x0000000716e00000, 0x0000000717000000|  0%| F|  |TAMS 0x0000000716e00000| PB 0x0000000716e00000| Untracked 
| 100|0x0000000717000000, 0x0000000717000000, 0x0000000717200000|  0%| F|  |TAMS 0x0000000717000000| PB 0x0000000717000000| Untracked 
| 101|0x0000000717200000, 0x0000000717200000, 0x0000000717400000|  0%| F|  |TAMS 0x0000000717200000| PB 0x0000000717200000| Untracked 
| 102|0x0000000717400000, 0x0000000717400000, 0x0000000717600000|  0%| F|  |TAMS 0x0000000717400000| PB 0x0000000717400000| Untracked 
| 103|0x0000000717600000, 0x0000000717600000, 0x0000000717800000|  0%| F|  |TAMS 0x0000000717600000| PB 0x0000000717600000| Untracked 
| 104|0x0000000717800000, 0x0000000717800000, 0x0000000717a00000|  0%| F|  |TAMS 0x0000000717800000| PB 0x0000000717800000| Untracked 
| 105|0x0000000717a00000, 0x0000000717a00000, 0x0000000717c00000|  0%| F|  |TAMS 0x0000000717a00000| PB 0x0000000717a00000| Untracked 
| 106|0x0000000717c00000, 0x0000000717c00000, 0x0000000717e00000|  0%| F|  |TAMS 0x0000000717c00000| PB 0x0000000717c00000| Untracked 
| 107|0x0000000717e00000, 0x0000000717e00000, 0x0000000718000000|  0%| F|  |TAMS 0x0000000717e00000| PB 0x0000000717e00000| Untracked 
| 108|0x0000000718000000, 0x0000000718000000, 0x0000000718200000|  0%| F|  |TAMS 0x0000000718000000| PB 0x0000000718000000| Untracked 
| 109|0x0000000718200000, 0x0000000718200000, 0x0000000718400000|  0%| F|  |TAMS 0x0000000718200000| PB 0x0000000718200000| Untracked 
| 110|0x0000000718400000, 0x0000000718400000, 0x0000000718600000|  0%| F|  |TAMS 0x0000000718400000| PB 0x0000000718400000| Untracked 
| 111|0x0000000718600000, 0x0000000718600000, 0x0000000718800000|  0%| F|  |TAMS 0x0000000718600000| PB 0x0000000718600000| Untracked 
| 112|0x0000000718800000, 0x0000000718800000, 0x0000000718a00000|  0%| F|  |TAMS 0x0000000718800000| PB 0x0000000718800000| Untracked 
| 113|0x0000000718a00000, 0x0000000718a00000, 0x0000000718c00000|  0%| F|  |TAMS 0x0000000718a00000| PB 0x0000000718a00000| Untracked 
| 114|0x0000000718c00000, 0x0000000718c00000, 0x0000000718e00000|  0%| F|  |TAMS 0x0000000718c00000| PB 0x0000000718c00000| Untracked 
| 115|0x0000000718e00000, 0x0000000718e00000, 0x0000000719000000|  0%| F|  |TAMS 0x0000000718e00000| PB 0x0000000718e00000| Untracked 
| 116|0x0000000719000000, 0x0000000719000000, 0x0000000719200000|  0%| F|  |TAMS 0x0000000719000000| PB 0x0000000719000000| Untracked 
| 117|0x0000000719200000, 0x0000000719200000, 0x0000000719400000|  0%| F|  |TAMS 0x0000000719200000| PB 0x0000000719200000| Untracked 
| 118|0x0000000719400000, 0x0000000719400000, 0x0000000719600000|  0%| F|  |TAMS 0x0000000719400000| PB 0x0000000719400000| Untracked 
| 119|0x0000000719600000, 0x0000000719600000, 0x0000000719800000|  0%| F|  |TAMS 0x0000000719600000| PB 0x0000000719600000| Untracked 
| 120|0x0000000719800000, 0x0000000719800000, 0x0000000719a00000|  0%| F|  |TAMS 0x0000000719800000| PB 0x0000000719800000| Untracked 
| 121|0x0000000719a00000, 0x0000000719b54ec0, 0x0000000719c00000| 66%| E|  |TAMS 0x0000000719a00000| PB 0x0000000719a00000| Complete 
| 122|0x0000000719c00000, 0x0000000719e00000, 0x0000000719e00000|100%| E|  |TAMS 0x0000000719c00000| PB 0x0000000719c00000| Complete 

Card table byte_map: [0x0000023e67a00000,0x0000023e681b0000] _byte_map_base: 0x0000023e641ac000

Marking Bits: (CMBitMap*) 0x0000023e5515b420
 Bits: [0x0000023e681b0000, 0x0000023e6bf10000)

Polling page: 0x0000023e530c0000

Metaspace:

Usage:
  Non-class:      5.11 MB used.
      Class:    497.50 KB used.
       Both:      5.60 MB used.

Virtual space:
  Non-class space:       64.00 MB reserved,       5.12 MB (  8%) committed,  1 nodes.
      Class space:        1.00 GB reserved,     512.00 KB ( <1%) committed,  1 nodes.
             Both:        1.06 GB reserved,       5.62 MB ( <1%) committed. 

Chunk freelists:
   Non-Class:  10.75 MB
       Class:  15.50 MB
        Both:  26.25 MB

MaxMetaspaceSize: unlimited
CompressedClassSpaceSize: 1.00 GB
Initial GC threshold: 21.00 MB
Current GC threshold: 21.00 MB
CDS: off
 - commit_granule_bytes: 65536.
 - commit_granule_words: 8192.
 - virtual_space_node_default_size: 8388608.
 - enlarge_chunks_in_place: 1.
 - use_allocation_guard: 0.


Internal statistics:

num_allocs_failed_limit: 0.
num_arena_births: 4.
num_arena_deaths: 0.
num_vsnodes_births: 2.
num_vsnodes_deaths: 0.
num_space_committed: 90.
num_space_uncommitted: 0.
num_chunks_returned_to_freelist: 0.
num_chunks_taken_from_freelist: 22.
num_chunk_merges: 0.
num_chunk_splits: 13.
num_chunks_enlarged: 11.
num_inconsistent_stats: 0.

CodeHeap 'non-profiled nmethods': size=120000Kb used=48Kb max_used=48Kb free=119951Kb
 bounds [0x0000023e5fd20000, 0x0000023e5ff90000, 0x0000023e67250000]
CodeHeap 'profiled nmethods': size=120000Kb used=197Kb max_used=197Kb free=119802Kb
 bounds [0x0000023e58250000, 0x0000023e584c0000, 0x0000023e5f780000]
CodeHeap 'non-nmethods': size=5760Kb used=1194Kb max_used=1207Kb free=4565Kb
 bounds [0x0000023e5f780000, 0x0000023e5f9f0000, 0x0000023e5fd20000]
 total_blobs=498 nmethods=157 adapters=246
 compilation: enabled
              stopped_count=0, restarted_count=0
 full_count=0

Compilation events (20 events):
Event: 0.183 Thread 0x0000023e6e601de0  148       3       java.nio.Buffer::session (20 bytes)
Event: 0.183 Thread 0x0000023e6e601de0 nmethod 148 0x0000023e5827d210 code [0x0000023e5827d3e0, 0x0000023e5827d6c0]
Event: 0.183 Thread 0x0000023e6e601de0  149       3       java.nio.Buffer::checkIndex (12 bytes)
Event: 0.183 Thread 0x0000023e6e601de0 nmethod 149 0x0000023e5827d790 code [0x0000023e5827d940, 0x0000023e5827daa0]
Event: 0.183 Thread 0x0000023e6e601de0  150   !   3       java.nio.DirectByteBuffer::get (34 bytes)
Event: 0.183 Thread 0x0000023e6e798710  154       4       java.lang.ref.Reference::reachabilityFence (1 bytes)
Event: 0.184 Thread 0x0000023e6e601de0 nmethod 150 0x0000023e5827db90 code [0x0000023e5827dde0, 0x0000023e5827e748]
Event: 0.184 Thread 0x0000023e6e798710 nmethod 154 0x0000023e5fd2bb10 code [0x0000023e5fd2bc80, 0x0000023e5fd2bce8]
Event: 0.184 Thread 0x0000023e6e601de0  151       3       java.nio.DirectByteBuffer::ix (10 bytes)
Event: 0.184 Thread 0x0000023e6e601de0 nmethod 151 0x0000023e5827ec10 code [0x0000023e5827eda0, 0x0000023e5827eeb8]
Event: 0.184 Thread 0x0000023e6e601de0  152   !   3       jdk.internal.misc.ScopedMemoryAccess::getByte (16 bytes)
Event: 0.184 Thread 0x0000023e6e601de0 nmethod 152 0x0000023e5827ef90 code [0x0000023e5827f180, 0x0000023e5827f560]
Event: 0.184 Thread 0x0000023e6e601de0  155       3       jdk.internal.jimage.ImageStringsReader::unmaskedHashCode (166 bytes)
Event: 0.184 Thread 0x0000023e6e601de0 nmethod 155 0x0000023e5827f790 code [0x0000023e5827f9e0, 0x0000023e582804d8]
Event: 0.185 Thread 0x0000023e6e601de0  153   !   3       jdk.internal.misc.ScopedMemoryAccess::getByteInternal (34 bytes)
Event: 0.185 Thread 0x0000023e6e601de0 nmethod 153 0x0000023e58280a10 code [0x0000023e58280bc0, 0x0000023e58280e20]
Event: 0.185 Thread 0x0000023e6e601de0  156       1       java.nio.Buffer::limit (5 bytes)
Event: 0.185 Thread 0x0000023e6e601de0 nmethod 156 0x0000023e5fd2be10 code [0x0000023e5fd2bfa0, 0x0000023e5fd2c068]
Event: 0.186 Thread 0x0000023e6e601de0  157       3       java.io.RandomAccessFile::readFully (45 bytes)
Event: 0.187 Thread 0x0000023e6e601de0 nmethod 157 0x0000023e58280f90 code [0x0000023e58281160, 0x0000023e582814b8]

GC Heap History (0 events):
No events

Dll operation events (2 events):
Event: 0.017 Loaded shared library D:\Program Files\Android\Android Studio\jbr\bin\java.dll
Event: 0.023 Loaded shared library D:\Program Files\Android\Android Studio\jbr\bin\zip.dll

Deoptimization events (20 events):
Event: 0.128 Thread 0x0000023e52e0b020 DEOPT PACKING pc=0x0000023e5826a4c9 sp=0x000000fa2b8fd5a0
Event: 0.128 Thread 0x0000023e52e0b020 DEOPT UNPACKING pc=0x0000023e5f7d4e42 sp=0x000000fa2b8fca10 mode 0
Event: 0.128 Thread 0x0000023e52e0b020 DEOPT PACKING pc=0x0000023e5826a4c9 sp=0x000000fa2b8fd5a0
Event: 0.128 Thread 0x0000023e52e0b020 DEOPT UNPACKING pc=0x0000023e5f7d4e42 sp=0x000000fa2b8fca10 mode 0
Event: 0.128 Thread 0x0000023e52e0b020 DEOPT PACKING pc=0x0000023e5826a4c9 sp=0x000000fa2b8fd5a0
Event: 0.128 Thread 0x0000023e52e0b020 DEOPT UNPACKING pc=0x0000023e5f7d4e42 sp=0x000000fa2b8fca10 mode 0
Event: 0.128 Thread 0x0000023e52e0b020 DEOPT PACKING pc=0x0000023e5826a4c9 sp=0x000000fa2b8fd5a0
Event: 0.128 Thread 0x0000023e52e0b020 DEOPT UNPACKING pc=0x0000023e5f7d4e42 sp=0x000000fa2b8fca10 mode 0
Event: 0.128 Thread 0x0000023e52e0b020 DEOPT PACKING pc=0x0000023e5826a4c9 sp=0x000000fa2b8fd5a0
Event: 0.128 Thread 0x0000023e52e0b020 DEOPT UNPACKING pc=0x0000023e5f7d4e42 sp=0x000000fa2b8fca10 mode 0
Event: 0.128 Thread 0x0000023e52e0b020 DEOPT PACKING pc=0x0000023e5826a4c9 sp=0x000000fa2b8fd5a0
Event: 0.128 Thread 0x0000023e52e0b020 DEOPT UNPACKING pc=0x0000023e5f7d4e42 sp=0x000000fa2b8fca10 mode 0
Event: 0.129 Thread 0x0000023e52e0b020 DEOPT PACKING pc=0x0000023e5826a4c9 sp=0x000000fa2b8fd5a0
Event: 0.129 Thread 0x0000023e52e0b020 DEOPT UNPACKING pc=0x0000023e5f7d4e42 sp=0x000000fa2b8fca10 mode 0
Event: 0.129 Thread 0x0000023e52e0b020 DEOPT PACKING pc=0x0000023e5826a4c9 sp=0x000000fa2b8fd5a0
Event: 0.129 Thread 0x0000023e52e0b020 DEOPT UNPACKING pc=0x0000023e5f7d4e42 sp=0x000000fa2b8fca10 mode 0
Event: 0.129 Thread 0x0000023e52e0b020 DEOPT PACKING pc=0x0000023e5826a4c9 sp=0x000000fa2b8fd5a0
Event: 0.129 Thread 0x0000023e52e0b020 DEOPT UNPACKING pc=0x0000023e5f7d4e42 sp=0x000000fa2b8fca10 mode 0
Event: 0.129 Thread 0x0000023e52e0b020 DEOPT PACKING pc=0x0000023e5826a4c9 sp=0x000000fa2b8fd5a0
Event: 0.129 Thread 0x0000023e52e0b020 DEOPT UNPACKING pc=0x0000023e5f7d4e42 sp=0x000000fa2b8fca10 mode 0

Classes loaded (20 events):
Event: 0.181 Loading class java/nio/DirectIntBufferU done
Event: 0.181 Loading class java/nio/DirectByteBufferR
Event: 0.181 Loading class java/nio/DirectByteBufferR done
Event: 0.181 Loading class java/nio/DirectIntBufferRU
Event: 0.181 Loading class java/nio/DirectIntBufferRU done
Event: 0.181 Loading class jdk/internal/jimage/ImageStringsReader
Event: 0.181 Loading class jdk/internal/jimage/ImageStrings
Event: 0.181 Loading class jdk/internal/jimage/ImageStrings done
Event: 0.181 Loading class jdk/internal/jimage/ImageStringsReader done
Event: 0.181 Loading class jdk/internal/jimage/decompressor/Decompressor
Event: 0.182 Loading class jdk/internal/jimage/decompressor/Decompressor done
Event: 0.182 Loading class jdk/internal/jimage/ImageLocation
Event: 0.182 Loading class jdk/internal/jimage/ImageLocation done
Event: 0.188 Loading class java/util/zip/DataFormatException
Event: 0.188 Loading class java/util/zip/DataFormatException done
Event: 0.188 Loading class java/io/IOException
Event: 0.188 Loading class java/io/IOException done
Event: 0.188 Loading class java/lang/SecurityException
Event: 0.188 Loading class java/lang/SecurityException done
Event: 0.188 Loading class java/nio/CharBuffer

Classes unloaded (0 events):
No events

Classes redefined (0 events):
No events

Internal exceptions (1 events):
Event: 0.188 Thread 0x0000023e52e0b020 Exception <a 'java/lang/OutOfMemoryError'{0x0000000719b02470}> (0x0000000719b02470) 
thrown [s\src\hotspot\share\prims\jni.cpp, line 567]

ZGC Phase Switch (0 events):
No events

VM Operations (2 events):
Event: 0.143 Executing VM operation: HandshakeAllThreads (Deoptimize)
Event: 0.143 Executing VM operation: HandshakeAllThreads (Deoptimize) done

Memory protections (0 events):
No events

Nmethod flushes (0 events):
No events

Events (16 events):
Event: 0.023 Thread 0x0000023e52e0b020 Thread added: 0x0000023e52e0b020
Event: 0.068 Thread 0x0000023e52e0b020 Thread added: 0x0000023e6e5eb630
Event: 0.069 Thread 0x0000023e52e0b020 Thread added: 0x0000023e6e5ee350
Event: 0.070 Thread 0x0000023e52e0b020 Thread added: 0x0000023e6e5f08d0
Event: 0.070 Thread 0x0000023e52e0b020 Thread added: 0x0000023e6e5f9110
Event: 0.070 Thread 0x0000023e52e0b020 Thread added: 0x0000023e6e5f9770
Event: 0.070 Thread 0x0000023e52e0b020 Thread added: 0x0000023e6e5d0030
Event: 0.070 Thread 0x0000023e52e0b020 Thread added: 0x0000023e6e5d0db0
Event: 0.070 Thread 0x0000023e52e0b020 Thread added: 0x0000023e6e601de0
Event: 0.102 Thread 0x0000023e52e0b020 Thread added: 0x0000023e6e7900f0
Event: 0.107 Thread 0x0000023e52e0b020 Thread added: 0x0000023e6e792d30
Event: 0.114 Loaded shared library D:\Program Files\Android\Android Studio\jbr\bin\net.dll
Event: 0.115 Loaded shared library D:\Program Files\Android\Android Studio\jbr\bin\nio.dll
Event: 0.132 Thread 0x0000023e6e5d0db0 Thread added: 0x0000023e6e798710
Event: 0.139 Loaded shared library D:\Program Files\Android\Android Studio\jbr\bin\zip.dll
Event: 0.180 Loaded shared library D:\Program Files\Android\Android Studio\jbr\bin\jimage.dll


Dynamic libraries:
0x00007ff7e65c0000 - 0x00007ff7e65ca000 	D:\Program Files\Android\Android Studio\jbr\bin\java.exe
0x00007fffccbf0000 - 0x00007fffcce07000 	C:\Windows\SYSTEM32\ntdll.dll
0x00007fffcba30000 - 0x00007fffcbaf4000 	C:\Windows\System32\KERNEL32.DLL
0x00007fffca350000 - 0x00007fffca707000 	C:\Windows\System32\KERNELBASE.dll
0x00007fffca230000 - 0x00007fffca341000 	C:\Windows\System32\ucrtbase.dll
0x00007fff9d000000 - 0x00007fff9d01b000 	D:\Program Files\Android\Android Studio\jbr\bin\VCRUNTIME140.dll
0x00007fffc2b10000 - 0x00007fffc2b28000 	D:\Program Files\Android\Android Studio\jbr\bin\jli.dll
0x00007fffcc7a0000 - 0x00007fffcc94f000 	C:\Windows\System32\USER32.dll
0x00007fffc9f00000 - 0x00007fffc9f26000 	C:\Windows\System32\win32u.dll
0x00007fffc9170000 - 0x00007fffc9403000 	C:\Windows\WinSxS\amd64_microsoft.windows.common-controls_6595b64144ccf1df_6.0.22621.3672_none_2713b9d173822955\COMCTL32.dll
0x00007fffcb500000 - 0x00007fffcb529000 	C:\Windows\System32\GDI32.dll
0x00007fffccb00000 - 0x00007fffccba7000 	C:\Windows\System32\msvcrt.dll
0x00007fffca0a0000 - 0x00007fffca1b8000 	C:\Windows\System32\gdi32full.dll
0x00007fffca7d0000 - 0x00007fffca86a000 	C:\Windows\System32\msvcp_win.dll
0x00007fffcbe90000 - 0x00007fffcbec1000 	C:\Windows\System32\IMM32.DLL
0x00007fffb0550000 - 0x00007fffb055c000 	D:\Program Files\Android\Android Studio\jbr\bin\vcruntime140_1.dll
0x00007fff76400000 - 0x00007fff7648d000 	D:\Program Files\Android\Android Studio\jbr\bin\msvcp140.dll
0x00007fff53740000 - 0x00007fff543cb000 	D:\Program Files\Android\Android Studio\jbr\bin\server\jvm.dll
0x00007fffcb7b0000 - 0x00007fffcb862000 	C:\Windows\System32\ADVAPI32.dll
0x00007fffcb6a0000 - 0x00007fffcb748000 	C:\Windows\System32\sechost.dll
0x00007fffca870000 - 0x00007fffca898000 	C:\Windows\System32\bcrypt.dll
0x00007fffcb900000 - 0x00007fffcba14000 	C:\Windows\System32\RPCRT4.dll
0x00007fffcbc90000 - 0x00007fffcbd01000 	C:\Windows\System32\WS2_32.dll
0x00007fffc9810000 - 0x00007fffc985d000 	C:\Windows\SYSTEM32\POWRPROF.dll
0x00007fffc2dc0000 - 0x00007fffc2df4000 	C:\Windows\SYSTEM32\WINMM.dll
0x00007fffc6db0000 - 0x00007fffc6dba000 	C:\Windows\SYSTEM32\VERSION.dll
0x00007fffc9500000 - 0x00007fffc9513000 	C:\Windows\SYSTEM32\UMPDC.dll
0x00007fffc86b0000 - 0x00007fffc86c8000 	C:\Windows\SYSTEM32\kernel.appcore.dll
0x00007fffaffb0000 - 0x00007fffaffba000 	D:\Program Files\Android\Android Studio\jbr\bin\jimage.dll
0x00007fffc9860000 - 0x00007fffc9a92000 	C:\Windows\SYSTEM32\DBGHELP.DLL
0x00007fffcae80000 - 0x00007fffcb20e000 	C:\Windows\System32\combase.dll
0x00007fffcada0000 - 0x00007fffcae77000 	C:\Windows\System32\OLEAUT32.dll
0x00007fffc9700000 - 0x00007fffc9732000 	C:\Windows\SYSTEM32\dbgcore.DLL
0x00007fffca8a0000 - 0x00007fffca91b000 	C:\Windows\System32\bcryptPrimitives.dll
0x00007fff983b0000 - 0x00007fff983d0000 	D:\Program Files\Android\Android Studio\jbr\bin\java.dll
0x00007fff85520000 - 0x00007fff85538000 	D:\Program Files\Android\Android Studio\jbr\bin\zip.dll
0x00007fffcbf30000 - 0x00007fffcc799000 	C:\Windows\System32\SHELL32.dll
0x00007fffc7590000 - 0x00007fffc7e8f000 	C:\Windows\SYSTEM32\windows.storage.dll
0x00007fffc7450000 - 0x00007fffc758f000 	C:\Windows\SYSTEM32\wintypes.dll
0x00007fffcbb90000 - 0x00007fffcbc89000 	C:\Windows\System32\SHCORE.dll
0x00007fffcb750000 - 0x00007fffcb7ae000 	C:\Windows\System32\shlwapi.dll
0x00007fffc9e30000 - 0x00007fffc9e57000 	C:\Windows\SYSTEM32\profapi.dll
0x00007fffae3b0000 - 0x00007fffae3c0000 	D:\Program Files\Android\Android Studio\jbr\bin\net.dll
0x00007fffc2890000 - 0x00007fffc29c6000 	C:\Windows\SYSTEM32\WINHTTP.dll
0x00007fffc8ad0000 - 0x00007fffc8b39000 	C:\Windows\system32\mswsock.dll
0x00007fff9d050000 - 0x00007fff9d066000 	D:\Program Files\Android\Android Studio\jbr\bin\nio.dll

dbghelp: loaded successfully - version: 4.0.5 - missing functions: none
symbol engine: initialized successfully - sym options: 0x614 - pdb path: .;D:\Program Files\Android\Android Studio\jbr\bin;C:\Windows\SYSTEM32;C:\Windows\WinSxS\amd64_microsoft.windows.common-controls_6595b64144ccf1df_6.0.22621.3672_none_2713b9d173822955;D:\Program Files\Android\Android Studio\jbr\bin\server

VM Arguments:
java_command: org.jetbrains.kotlin.cli.jvm.K2JVMCompiler @D:\FaceItOff\app\build\20251220_8117125969113450702.compiler.options
java_class_path (initial): C:\Users\M.Computer\.gradle\caches\modules-2\files-2.1\org.jetbrains.kotlin\kotlin-compiler-embeddable\2.0.21\79346ed53db48b18312a472602eb5c057070c54d\kotlin-compiler-embeddable-2.0.21.jar;C:\Users\M.Computer\.gradle\caches\modules-2\files-2.1\org.jetbrains.kotlin\kotlin-stdlib\2.0.21\618b539767b4899b4660a83006e052b63f1db551\kotlin-stdlib-2.0.21.jar;C:\Users\M.Computer\.gradle\caches\modules-2\files-2.1\org.jetbrains.kotlin\kotlin-script-runtime\2.0.21\c9b044380ad41f89aa89aa896c2d32a8c0b2129d\kotlin-script-runtime-2.0.21.jar;C:\Users\M.Computer\.gradle\caches\modules-2\files-2.1\org.jetbrains.kotlin\kotlin-reflect\1.6.10\1cbe9c92c12a94eea200d23c2bbaedaf3daf5132\kotlin-reflect-1.6.10.jar;C:\Users\M.Computer\.gradle\caches\modules-2\files-2.1\org.jetbrains.kotlin\kotlin-daemon-embeddable\2.0.21\c9e933b23287de9b5a17e2116b4657bb91aea72c\kotlin-daemon-embeddable-2.0.21.jar;C:\Users\M.Computer\.gradle\caches\modules-2\files-2.1\org.jetbrains.intellij.deps\trove4j\1.0.20200330\3afb14d5f9ceb459d724e907a21145e8ff394f02\trove4j-1.0.20200330.jar;C:\Users\M.Computer\.gradle\caches\modules-2\files-2.1\org.jetbrains.kotlinx\kotlinx-coroutines-core-jvm\1.6.4\2c997cd1c0ef33f3e751d3831929aeff1390cb30\kotlinx-coroutines-core-jvm-1.6.4.jar;C:\Users\M.Computer\.gradle\caches\modules-2\files-2.1\org.jetbrains\annotations\13.0\919f0dfe192fb4e063e7dacadee7f8bb9a2672a9\annotations-13.0.jar
Launcher Type: SUN_STANDARD

[Global flags]
     intx CICompilerCount                          = 3                                         {product} {ergonomic}
     uint ConcGCThreads                            = 1                                         {product} {ergonomic}
     uint G1ConcRefinementThreads                  = 4                                         {product} {ergonomic}
   size_t G1HeapRegionSize                         = 2097152                                   {product} {ergonomic}
    uintx GCDrainStackTargetSize                   = 64                                        {product} {ergonomic}
   size_t InitialHeapSize                          = 257949696                                 {product} {ergonomic}
   size_t MarkStackSize                            = 4194304                                   {product} {ergonomic}
   size_t MaxHeapSize                              = 4118806528                                {product} {ergonomic}
   size_t MaxNewSize                               = 2470445056                                {product} {ergonomic}
   size_t MinHeapDeltaBytes                        = 2097152                                   {product} {ergonomic}
   size_t MinHeapSize                              = 8388608                                   {product} {ergonomic}
    uintx NonNMethodCodeHeapSize                   = 5832780                                {pd product} {ergonomic}
    uintx NonProfiledCodeHeapSize                  = 122912730                              {pd product} {ergonomic}
    uintx ProfiledCodeHeapSize                     = 122912730                              {pd product} {ergonomic}
    uintx ReservedCodeCacheSize                    = 251658240                              {pd product} {ergonomic}
     bool SegmentedCodeCache                       = true                                      {product} {ergonomic}
   size_t SoftMaxHeapSize                          = 4118806528                             {manageable} {ergonomic}
     bool UseCompressedOops                        = true                           {product lp64_product} {ergonomic}
     bool UseG1GC                                  = true                                      {product} {ergonomic}
     bool UseLargePagesIndividualAllocation        = false                                  {pd product} {ergonomic}

Logging:
Log output configuration:
 #0: stdout all=warning uptime,level,tags foldmultilines=false
 #1: stderr all=off uptime,level,tags foldmultilines=false

Environment Variables:
JAVA_HOME=E:\Program Files\Eclipse Adoptium\jdk-17.0.16.8-hotspot
PATH=E:\Program Files\Eclipse Adoptium\jdk-17.0.16.8-hotspot\bin;C:\Windows\system32;C:\Windows;C:\Windows\System32\Wbem;C:\Windows\System32\WindowsPowerShell\v1.0\;C:\Windows\System32\OpenSSH\;C:\MinGW\bin;C:\Program Files\MySQL\MySQL Router 8.0\bin;D:\Program Files\Git\cmd;D:\MinGW\bin;C:\Users\M.Computer\AppData\Local\Programs\Python\Python313;C:\Users\M.Computer\AppData\Local\Programs\Python\Python313\Scripts;C:\Program Files\nodejs\;C:\Users\M.Computer\AppData\Local\Programs\Python\Launcher\;C:\Users\M.Computer\AppData\Local\Microsoft\WindowsApps;C:\MinGW\bin;C:\Users\M.Computer\Downloads\mysql-installer-community-8.0.41.0.msi;E:\Program Files\Eclipse Adoptium\jdk-17.0.16.8-hotspot\bin;D:\Users\M.Computer\AppData\Local\Programs\Microsoft VS Code\bin;C:\Users\M.Computer\AppData\Roaming\npm
USERNAME=M.Computer
OS=Windows_NT
PROCESSOR_IDENTIFIER=Intel64 Family 6 Model 142 Stepping 12, GenuineIntel
TMP=C:\Users\M3C93~1.COM\AppData\Local\Temp
TEMP=C:\Users\M3C93~1.COM\AppData\Local\Temp




Periodic native trim disabled

JNI global refs:
JNI global refs: 7, weak refs: 0

JNI global refs memory usage: 835, weak refs: 201

Process memory usage:
Resident Set Size: 40388K (0% of 16087328K total physical memory with 1817056K free physical memory)

OOME stack traces (most recent first):
Classloader memory used:
Loader bootstrap                                                                       : 5468K
Loader jdk.internal.loader.ClassLoaders$AppClassLoader                                 : 260K

---------------  S Y S T E M  ---------------

OS:
 Windows 11 , 64 bit Build 22621 (10.0.22621.3958)
OS uptime: 0 days 2:43 hours
Hyper-V role detected

CPU: total 4 (initial active 4) (4 cores per cpu, 2 threads per core) family 6 model 142 stepping 12 microcode 0xf8, cx8, cmov, fxsr, ht, mmx, 3dnowpref, sse, sse2, sse3, ssse3, sse4.1, sse4.2, popcnt, lzcnt, tsc, tscinvbit, avx, avx2, aes, erms, clmul, bmi1, bmi2, adx, fma, vzeroupper, clflush, clflushopt, hv, rdtscp, f16c
Processor Information for the first 4 processors :
  Max Mhz: 1896, Current Mhz: 1596, Mhz Limit: 1592

Memory: 4k page, system-wide physical 15710M (1774M free)
TotalPageFile size 16168M (AvailPageFile size 1M)
current process WorkingSet (physical memory assigned to process): 39M, peak: 39M
current process commit charge ("private bytes"): 316M, peak: 317M

vm_info: OpenJDK 64-Bit Server VM (21.0.6+-13391695-b895.109) for windows-amd64 JRE (21.0.6+-13391695-b895.109), built on 2025-04-22T21:19:17Z by "builder" with MS VC++ 16.10 / 16.11 (VS2019)

END.
