#
# There is insufficient memory for the Java Runtime Environment to continue.
# Native memory allocation (mmap) failed to map 257949696 bytes. Error detail: G1 virtual space
# Possible reasons:
#   The system is out of physical RAM or swap space
#   This process is running with CompressedOops enabled, and the Java Heap may be blocking the growth of the native heap
# Possible solutions:
#   Reduce memory load on the system
#   Increase physical memory or swap space
#   Check if swap backing store is full
#   Decrease Java heap size (-Xmx/-Xms)
#   Decrease number of Java threads
#   Decrease Java thread stack sizes (-Xss)
#   Set larger code cache with -XX:ReservedCodeCacheSize=
#   JVM is running with Zero Based Compressed Oops mode in which the Java heap is
#     placed in the first 32GB address space. The Java Heap base address is the
#     maximum limit for the native heap growth. Please use -XX:HeapBaseMinAddress
#     to set the Java Heap base and to place the Java Heap above 32GB virtual address.
# This output file may be truncated or incomplete.
#
#  Out of Memory Error (os_windows.cpp:3898), pid=16036, tid=12216
#
# JRE version:  (21.0.6) (build )
# Java VM: OpenJDK 64-Bit Server VM (21.0.6+-13391695-b895.109, mixed mode, sharing, tiered, compressed oops, compressed class ptrs, g1 gc, windows-amd64)
# No core dump will be written. Minidumps are not enabled by default on client versions of Windows
#

---------------  S U M M A R Y ------------

Command Line: org.jetbrains.kotlin.cli.jvm.K2JVMCompiler @D:\FaceItOff\app\build\20251220_4444009561912345516.compiler.options

Host: Intel(R) Core(TM) i5-8365U CPU @ 1.60GHz, 4 cores, 15G,  Windows 11 , 64 bit Build 22621 (10.0.22621.3958)
Time: Sat Dec 20 13:50:47 2025 Pakistan Standard Time elapsed time: 0.011522 seconds (0d 0h 0m 0s)

---------------  T H R E A D  ---------------

Current thread (0x0000024d4d07b020):  JavaThread "Unknown thread" [_thread_in_vm, id=12216, stack(0x000000d85d400000,0x000000d85d500000) (1024K)]

Stack: [0x000000d85d400000,0x000000d85d500000]
Native frames: (J=compiled Java code, j=interpreted, Vv=VM code, C=native code)
V  [jvm.dll+0x6d0639]
V  [jvm.dll+0x85eb03]
V  [jvm.dll+0x86105e]
V  [jvm.dll+0x861743]
V  [jvm.dll+0x27e6e6]
V  [jvm.dll+0x6ccfd5]
V  [jvm.dll+0x6c0a8a]
V  [jvm.dll+0x35537b]
V  [jvm.dll+0x35cfd6]
V  [jvm.dll+0x3aef86]
V  [jvm.dll+0x3af258]
V  [jvm.dll+0x327a2c]
V  [jvm.dll+0x32871b]
V  [jvm.dll+0x826549]
V  [jvm.dll+0x3bc158]
V  [jvm.dll+0x80f7f8]
V  [jvm.dll+0x45035e]
V  [jvm.dll+0x451ac1]
C  [jli.dll+0x52ab]
C  [ucrtbase.dll+0x29333]
C  [KERNEL32.DLL+0x1257d]
C  [ntdll.dll+0x5af08]


---------------  P R O C E S S  ---------------

Threads class SMR info:
_java_thread_list=0x00007fff54281848, length=0, elements={
}

Java Threads: ( => current thread )
Total: 0

Other Threads:
  0x0000024d4f3cad50 WorkerThread "GC Thread#0"                     [id=11488, stack(0x000000d85d500000,0x000000d85d600000) (1024K)]
  0x0000024d4f3db420 ConcurrentGCThread "G1 Main Marker"            [id=15988, stack(0x000000d85d600000,0x000000d85d700000) (1024K)]
  0x0000024d4f3dc730 WorkerThread "G1 Conc#0"                       [id=14428, stack(0x000000d85d700000,0x000000d85d800000) (1024K)]

[error occurred during error reporting (printing all threads), id 0xc0000005, EXCEPTION_ACCESS_VIOLATION (0xc0000005) at pc=0x00007fff53a7aa87]
VM state: not at safepoint (not fully initialized)

VM Mutex/Monitor currently owned by a thread:  ([mutex/lock_event])
[0x00007fff542ee4a0] Heap_lock - owner thread: 0x0000024d4d07b020

Heap address: 0x000000070a800000, size: 3928 MB, Compressed Oops mode: Zero based, Oop shift amount: 3

CDS archive(s) mapped at: [0x0000000000000000-0x0000000000000000-0x0000000000000000), size 0, SharedBaseAddress: 0x0000000800000000, ArchiveRelocationMode: 1.
Narrow klass base: 0x0000000000000000, Narrow klass shift: 0, Narrow klass range: 0x0

GC Precious Log:
 CardTable entry size: 512
 Card Set container configuration: InlinePtr #cards 4 size 8 Array Of Cards #cards 16 size 48 Howl #buckets 8 coarsen threshold 3686 Howl Bitmap #cards 512 size 80 coarsen threshold 460 Card regions per heap region 1 cards per card region 4096

Heap:
 garbage-first heap   total 0K, used 0K [0x000000070a800000, 0x0000000800000000)
  region size 2048K, 0 young (0K), 0 survivors (0K)
 Metaspace       used 0K, committed 0K, reserved 0K
  class space    used 0K, committed 0K, reserved 0K

Heap Regions: E=young(eden), S=young(survivor), O=old, HS=humongous(starts), HC=humongous(continues), CS=collection set, F=free, TAMS=top-at-mark-start, PB=parsable bottom

Card table byte_map: [0x0000024d61c70000,0x0000024d62420000] _byte_map_base: 0x0000024d5e41c000

Marking Bits: (CMBitMap*) 0x0000024d4f3cb450
 Bits: [0x0000024d62420000, 0x0000024d66180000)

GC Heap History (0 events):
No events

Dll operation events (1 events):
Event: 0.008 Loaded shared library D:\Program Files\Android\Android Studio\jbr\bin\java.dll

Deoptimization events (0 events):
No events

Classes loaded (0 events):
No events

Classes unloaded (0 events):
No events

Classes redefined (0 events):
No events

Internal exceptions (0 events):
No events

ZGC Phase Switch (0 events):
No events

VM Operations (0 events):
No events

Memory protections (0 events):
No events

Nmethod flushes (0 events):
No events

Events (0 events):
No events


Dynamic libraries:
0x00007ff7e65c0000 - 0x00007ff7e65ca000 	D:\Program Files\Android\Android Studio\jbr\bin\java.exe
0x00007fffccbf0000 - 0x00007fffcce07000 	C:\Windows\SYSTEM32\ntdll.dll
0x00007fffcba30000 - 0x00007fffcbaf4000 	C:\Windows\System32\KERNEL32.DLL
0x00007fffca350000 - 0x00007fffca707000 	C:\Windows\System32\KERNELBASE.dll
0x00007fffca230000 - 0x00007fffca341000 	C:\Windows\System32\ucrtbase.dll
0x00007fffc2b10000 - 0x00007fffc2b28000 	D:\Program Files\Android\Android Studio\jbr\bin\jli.dll
0x00007fff9d000000 - 0x00007fff9d01b000 	D:\Program Files\Android\Android Studio\jbr\bin\VCRUNTIME140.dll
0x00007fffcc7a0000 - 0x00007fffcc94f000 	C:\Windows\System32\USER32.dll
0x00007fffc9f00000 - 0x00007fffc9f26000 	C:\Windows\System32\win32u.dll
0x00007fffc9170000 - 0x00007fffc9403000 	C:\Windows\WinSxS\amd64_microsoft.windows.common-controls_6595b64144ccf1df_6.0.22621.3672_none_2713b9d173822955\COMCTL32.dll
0x00007fffccb00000 - 0x00007fffccba7000 	C:\Windows\System32\msvcrt.dll
0x00007fffcb500000 - 0x00007fffcb529000 	C:\Windows\System32\GDI32.dll
0x00007fffca0a0000 - 0x00007fffca1b8000 	C:\Windows\System32\gdi32full.dll
0x00007fffca7d0000 - 0x00007fffca86a000 	C:\Windows\System32\msvcp_win.dll
0x00007fffcbe90000 - 0x00007fffcbec1000 	C:\Windows\System32\IMM32.DLL
0x00007fffb0550000 - 0x00007fffb055c000 	D:\Program Files\Android\Android Studio\jbr\bin\vcruntime140_1.dll
0x00007fff76400000 - 0x00007fff7648d000 	D:\Program Files\Android\Android Studio\jbr\bin\msvcp140.dll
0x00007fff53740000 - 0x00007fff543cb000 	D:\Program Files\Android\Android Studio\jbr\bin\server\jvm.dll
0x00007fffcb7b0000 - 0x00007fffcb862000 	C:\Windows\System32\ADVAPI32.dll
0x00007fffcb6a0000 - 0x00007fffcb748000 	C:\Windows\System32\sechost.dll
0x00007fffca870000 - 0x00007fffca898000 	C:\Windows\System32\bcrypt.dll
0x00007fffcb900000 - 0x00007fffcba14000 	C:\Windows\System32\RPCRT4.dll
0x00007fffcbc90000 - 0x00007fffcbd01000 	C:\Windows\System32\WS2_32.dll
0x00007fffc9810000 - 0x00007fffc985d000 	C:\Windows\SYSTEM32\POWRPROF.dll
0x00007fffc2dc0000 - 0x00007fffc2df4000 	C:\Windows\SYSTEM32\WINMM.dll
0x00007fffc6db0000 - 0x00007fffc6dba000 	C:\Windows\SYSTEM32\VERSION.dll
0x00007fffc9500000 - 0x00007fffc9513000 	C:\Windows\SYSTEM32\UMPDC.dll
0x00007fffc86b0000 - 0x00007fffc86c8000 	C:\Windows\SYSTEM32\kernel.appcore.dll
0x00007fffaffb0000 - 0x00007fffaffba000 	D:\Program Files\Android\Android Studio\jbr\bin\jimage.dll
0x00007fffc9860000 - 0x00007fffc9a92000 	C:\Windows\SYSTEM32\DBGHELP.DLL
0x00007fffcae80000 - 0x00007fffcb20e000 	C:\Windows\System32\combase.dll
0x00007fffcada0000 - 0x00007fffcae77000 	C:\Windows\System32\OLEAUT32.dll
0x00007fffc9700000 - 0x00007fffc9732000 	C:\Windows\SYSTEM32\dbgcore.DLL
0x00007fffca8a0000 - 0x00007fffca91b000 	C:\Windows\System32\bcryptPrimitives.dll
0x00007fff983b0000 - 0x00007fff983d0000 	D:\Program Files\Android\Android Studio\jbr\bin\java.dll

dbghelp: loaded successfully - version: 4.0.5 - missing functions: none
symbol engine: initialized successfully - sym options: 0x614 - pdb path: .;D:\Program Files\Android\Android Studio\jbr\bin;C:\Windows\SYSTEM32;C:\Windows\WinSxS\amd64_microsoft.windows.common-controls_6595b64144ccf1df_6.0.22621.3672_none_2713b9d173822955;D:\Program Files\Android\Android Studio\jbr\bin\server

VM Arguments:
java_command: org.jetbrains.kotlin.cli.jvm.K2JVMCompiler @D:\FaceItOff\app\build\20251220_4444009561912345516.compiler.options
java_class_path (initial): C:\Users\M.Computer\.gradle\caches\modules-2\files-2.1\org.jetbrains.kotlin\kotlin-compiler-embeddable\2.0.21\79346ed53db48b18312a472602eb5c057070c54d\kotlin-compiler-embeddable-2.0.21.jar;C:\Users\M.Computer\.gradle\caches\modules-2\files-2.1\org.jetbrains.kotlin\kotlin-stdlib\2.0.21\618b539767b4899b4660a83006e052b63f1db551\kotlin-stdlib-2.0.21.jar;C:\Users\M.Computer\.gradle\caches\modules-2\files-2.1\org.jetbrains.kotlin\kotlin-script-runtime\2.0.21\c9b044380ad41f89aa89aa896c2d32a8c0b2129d\kotlin-script-runtime-2.0.21.jar;C:\Users\M.Computer\.gradle\caches\modules-2\files-2.1\org.jetbrains.kotlin\kotlin-reflect\1.6.10\1cbe9c92c12a94eea200d23c2bbaedaf3daf5132\kotlin-reflect-1.6.10.jar;C:\Users\M.Computer\.gradle\caches\modules-2\files-2.1\org.jetbrains.kotlin\kotlin-daemon-embeddable\2.0.21\c9e933b23287de9b5a17e2116b4657bb91aea72c\kotlin-daemon-embeddable-2.0.21.jar;C:\Users\M.Computer\.gradle\caches\modules-2\files-2.1\org.jetbrains.intellij.deps\trove4j\1.0.20200330\3afb14d5f9ceb459d724e907a21145e8ff394f02\trove4j-1.0.20200330.jar;C:\Users\M.Computer\.gradle\caches\modules-2\files-2.1\org.jetbrains.kotlinx\kotlinx-coroutines-core-jvm\1.6.4\2c997cd1c0ef33f3e751d3831929aeff1390cb30\kotlinx-coroutines-core-jvm-1.6.4.jar;C:\Users\M.Computer\.gradle\caches\modules-2\files-2.1\org.jetbrains\annotations\13.0\919f0dfe192fb4e063e7dacadee7f8bb9a2672a9\annotations-13.0.jar
Launcher Type: SUN_STANDARD

[Global flags]
     intx CICompilerCount                          = 3                                         {product} {ergonomic}
     uint ConcGCThreads                            = 1                                         {product} {ergonomic}
     uint G1ConcRefinementThreads                  = 4                                         {product} {ergonomic}
   size_t G1HeapRegionSize                         = 2097152                                   {product} {ergonomic}
    uintx GCDrainStackTargetSize                   = 64                                        {product} {ergonomic}
   size_t InitialHeapSize                          = 257949696                                 {product} {ergonomic}
   size_t MarkStackSize                            = 4194304                                   {product} {ergonomic}
   size_t MaxHeapSize                              = 4118806528                                {product} {ergonomic}
   size_t MinHeapDeltaBytes                        = 2097152                                   {product} {ergonomic}
   size_t MinHeapSize                              = 8388608                                   {product} {ergonomic}
    uintx NonNMethodCodeHeapSize                   = 5832780                                {pd product} {ergonomic}
    uintx NonProfiledCodeHeapSize                  = 122912730                              {pd product} {ergonomic}
    uintx ProfiledCodeHeapSize                     = 122912730                              {pd product} {ergonomic}
    uintx ReservedCodeCacheSize                    = 251658240                              {pd product} {ergonomic}
     bool SegmentedCodeCache                       = true                                      {product} {ergonomic}
   size_t SoftMaxHeapSize                          = 4118806528                             {manageable} {ergonomic}
     bool UseCompressedOops                        = true                           {product lp64_product} {ergonomic}
     bool UseG1GC                                  = true                                      {product} {ergonomic}
     bool UseLargePagesIndividualAllocation        = false                                  {pd product} {ergonomic}

Logging:
Log output configuration:
 #0: stdout all=warning uptime,level,tags foldmultilines=false
 #1: stderr all=off uptime,level,tags foldmultilines=false

Environment Variables:
JAVA_HOME=E:\Program Files\Eclipse Adoptium\jdk-17.0.16.8-hotspot
PATH=E:\Program Files\Eclipse Adoptium\jdk-17.0.16.8-hotspot\bin;C:\Windows\system32;C:\Windows;C:\Windows\System32\Wbem;C:\Windows\System32\WindowsPowerShell\v1.0\;C:\Windows\System32\OpenSSH\;C:\MinGW\bin;C:\Program Files\MySQL\MySQL Router 8.0\bin;D:\Program Files\Git\cmd;D:\MinGW\bin;C:\Users\M.Computer\AppData\Local\Programs\Python\Python313;C:\Users\M.Computer\AppData\Local\Programs\Python\Python313\Scripts;C:\Program Files\nodejs\;C:\Users\M.Computer\AppData\Local\Programs\Python\Launcher\;C:\Users\M.Computer\AppData\Local\Microsoft\WindowsApps;C:\MinGW\bin;C:\Users\M.Computer\Downloads\mysql-installer-community-8.0.41.0.msi;E:\Program Files\Eclipse Adoptium\jdk-17.0.16.8-hotspot\bin;D:\Users\M.Computer\AppData\Local\Programs\Microsoft VS Code\bin;C:\Users\M.Computer\AppData\Roaming\npm
USERNAME=M.Computer
OS=Windows_NT
PROCESSOR_IDENTIFIER=Intel64 Family 6 Model 142 Stepping 12, GenuineIntel
TMP=C:\Users\M3C93~1.COM\AppData\Local\Temp
TEMP=C:\Users\M3C93~1.COM\AppData\Local\Temp




Periodic native trim disabled

JNI global refs:
JNI global refs: 0, weak refs: 0

JNI global refs memory usage: 0, weak refs: 0

Process memory usage:
Resident Set Size: 11544K (0% of 16087328K total physical memory with 1844824K free physical memory)

OOME stack traces (most recent first):
Classloader memory used:

---------------  S Y S T E M  ---------------

OS:
 Windows 11 , 64 bit Build 22621 (10.0.22621.3958)
OS uptime: 0 days 2:45 hours
Hyper-V role detected

CPU: total 4 (initial active 4) (4 cores per cpu, 2 threads per core) family 6 model 142 stepping 12 microcode 0xf8, cx8, cmov, fxsr, ht, mmx, 3dnowpref, sse, sse2, sse3, ssse3, sse4.1, sse4.2, popcnt, lzcnt, tsc, tscinvbit, avx, avx2, aes, erms, clmul, bmi1, bmi2, adx, fma, vzeroupper, clflush, clflushopt, hv, rdtscp, f16c
Processor Information for the first 4 processors :
  Max Mhz: 1896, Current Mhz: 1596, Mhz Limit: 1592

Memory: 4k page, system-wide physical 15710M (1801M free)
TotalPageFile size 16168M (AvailPageFile size 226M)
current process WorkingSet (physical memory assigned to process): 11M, peak: 11M
current process commit charge ("private bytes"): 52M, peak: 297M

vm_info: OpenJDK 64-Bit Server VM (21.0.6+-13391695-b895.109) for windows-amd64 JRE (21.0.6+-13391695-b895.109), built on 2025-04-22T21:19:17Z by "builder" with MS VC++ 16.10 / 16.11 (VS2019)

END.
